2017-06-18 22:22:35  [ Thread-1:0 ] - [ INFO ]  MLog clients using log4j logging.
2017-06-18 22:22:35  [ Thread-1:378 ] - [ INFO ]  Initializing c3p0-0.9.1.2 [built 21-May-2007 15:04:56; debug? true; trace: 10]
2017-06-18 22:22:35  [ Thread-1:417 ] - [ DEBUG ]  MBean: com.mchange.v2.c3p0:type=PooledDataSource[2s7dx79o1g1q255w6rco9|51a1d2d6] registered.
2017-06-18 22:22:35  [ Thread-1:502 ] - [ DEBUG ]  incremented pending_acquires: 1
2017-06-18 22:22:35  [ Thread-1:503 ] - [ DEBUG ]  incremented pending_acquires: 2
2017-06-18 22:22:35  [ Thread-1:503 ] - [ DEBUG ]  incremented pending_acquires: 3
2017-06-18 22:22:35  [ Thread-1:503 ] - [ DEBUG ]  com.mchange.v2.resourcepool.BasicResourcePool@60cf3fb3 config: [start -> 3; min -> 3; max -> 15; inc -> 3; num_acq_attempts -> 30; acq_attempt_delay -> 1000; check_idle_resources_delay -> 0; mox_resource_age -> 0; max_idle_time -> 0; excess_max_idle_time -> 0; destroy_unreturned_resc_time -> 0; expiration_enforcement_delay -> 0; break_on_acquisition_failure -> false; debug_store_checkout_exceptions -> false]
2017-06-18 22:22:35  [ Thread-1:504 ] - [ INFO ]  Initializing c3p0 pool... com.mchange.v2.c3p0.ComboPooledDataSource [ acquireIncrement -> 3, acquireRetryAttempts -> 30, acquireRetryDelay -> 1000, autoCommitOnClose -> false, automaticTestTable -> null, breakAfterAcquireFailure -> false, checkoutTimeout -> 0, connectionCustomizerClassName -> null, connectionTesterClassName -> com.mchange.v2.c3p0.impl.DefaultConnectionTester, dataSourceName -> 2s7dx79o1g1q255w6rco9|51a1d2d6, debugUnreturnedConnectionStackTraces -> false, description -> null, driverClass -> com.mysql.jdbc.Driver, factoryClassLocation -> null, forceIgnoreUnresolvedTransactions -> false, identityToken -> 2s7dx79o1g1q255w6rco9|51a1d2d6, idleConnectionTestPeriod -> 0, initialPoolSize -> 3, jdbcUrl -> jdbc:mysql:///zebra, maxAdministrativeTaskTime -> 0, maxConnectionAge -> 0, maxIdleTime -> 0, maxIdleTimeExcessConnections -> 0, maxPoolSize -> 15, maxStatements -> 0, maxStatementsPerConnection -> 0, minPoolSize -> 3, numHelperThreads -> 3, numThreadsAwaitingCheckoutDefaultUser -> 0, preferredTestQuery -> null, properties -> {user=******, password=******}, propertyCycle -> 0, testConnectionOnCheckin -> false, testConnectionOnCheckout -> false, unreturnedConnectionTimeout -> 0, usesTraditionalReflectiveProxies -> false ]
2017-06-18 22:22:35  [ Thread-1:504 ] - [ DEBUG ]  acquire test -- pool size: 0; target_pool_size: 3; desired target? 1
2017-06-18 22:22:35  [ Thread-1:505 ] - [ DEBUG ]  awaitAvailable(): [unknown]
2017-06-18 22:22:35  [ Thread-1:505 ] - [ DEBUG ]  trace com.mchange.v2.resourcepool.BasicResourcePool@60cf3fb3 [managed: 0, unused: 0, excluded: 0]
2017-06-18 22:22:36  [ com.mchange.v2.async.ThreadPoolAsynchronousRunner$PoolThread-#1:780 ] - [ DEBUG ]  com.mchange.v2.c3p0.impl.C3P0PooledConnectionPool$1PooledConnectionResourcePoolManager@8c4f48a.acquireResource() returning. 
2017-06-18 22:22:36  [ com.mchange.v2.async.ThreadPoolAsynchronousRunner$PoolThread-#0:780 ] - [ DEBUG ]  com.mchange.v2.c3p0.impl.C3P0PooledConnectionPool$1PooledConnectionResourcePoolManager@8c4f48a.acquireResource() returning. 
2017-06-18 22:22:36  [ com.mchange.v2.async.ThreadPoolAsynchronousRunner$PoolThread-#2:780 ] - [ DEBUG ]  com.mchange.v2.c3p0.impl.C3P0PooledConnectionPool$1PooledConnectionResourcePoolManager@8c4f48a.acquireResource() returning. 
2017-06-18 22:22:36  [ com.mchange.v2.async.ThreadPoolAsynchronousRunner$PoolThread-#1:781 ] - [ DEBUG ]  trace com.mchange.v2.resourcepool.BasicResourcePool@60cf3fb3 [managed: 1, unused: 1, excluded: 0]
2017-06-18 22:22:36  [ com.mchange.v2.async.ThreadPoolAsynchronousRunner$PoolThread-#1:781 ] - [ DEBUG ]  decremented pending_acquires: 2
2017-06-18 22:22:36  [ com.mchange.v2.async.ThreadPoolAsynchronousRunner$PoolThread-#2:783 ] - [ DEBUG ]  trace com.mchange.v2.resourcepool.BasicResourcePool@60cf3fb3 [managed: 2, unused: 1, excluded: 0] (e.g. com.mchange.v2.c3p0.impl.NewPooledConnection@2652ea59)
2017-06-18 22:22:36  [ com.mchange.v2.async.ThreadPoolAsynchronousRunner$PoolThread-#2:783 ] - [ DEBUG ]  decremented pending_acquires: 1
2017-06-18 22:22:36  [ com.mchange.v2.async.ThreadPoolAsynchronousRunner$PoolThread-#0:783 ] - [ DEBUG ]  trace com.mchange.v2.resourcepool.BasicResourcePool@60cf3fb3 [managed: 3, unused: 2, excluded: 0] (e.g. com.mchange.v2.c3p0.impl.NewPooledConnection@2652ea59)
2017-06-18 22:22:36  [ com.mchange.v2.async.ThreadPoolAsynchronousRunner$PoolThread-#0:783 ] - [ DEBUG ]  decremented pending_acquires: 0
2017-06-18 22:22:36  [ Thread-1:783 ] - [ DEBUG ]  trace com.mchange.v2.resourcepool.BasicResourcePool@60cf3fb3 [managed: 3, unused: 2, excluded: 0] (e.g. com.mchange.v2.c3p0.impl.NewPooledConnection@2652ea59)
2017-06-18 22:22:38  [ Thread-1:3285 ] - [ DEBUG ]  trace com.mchange.v2.resourcepool.BasicResourcePool@60cf3fb3 [managed: 3, unused: 2, excluded: 0] (e.g. com.mchange.v2.c3p0.impl.NewPooledConnection@2652ea59)
